0: jdbc:hive2://localhost:10000> explain select rank, title, metascore from imdb_parquet_sorted order by metascore desc limit 10;
+----------------------------------------------------+
|                      Explain                       |
+----------------------------------------------------+
| STAGE DEPENDENCIES:                                |
|   Stage-1 is a root stage                          |
|   Stage-0 depends on stages: Stage-1               |
|                                                    |
| STAGE PLANS:                                       |
|   Stage: Stage-1                                   |
|     Map Reduce                                     |
|       Map Operator Tree:                           |
|           TableScan                                |
|             alias: imdb_parquet_sorted             |
|             Statistics: Num rows: 1000 Data size: 4000 Basic stats: COMPLETE Column stats: NONE |
|             Select Operator                        |
|               expressions: rank (type: int), title (type: string), metascore (type: int) |
|               outputColumnNames: _col0, _col1, _col2 |
|               Statistics: Num rows: 1000 Data size: 4000 Basic stats: COMPLETE Column stats: NONE |
|               Reduce Output Operator               |
|                 key expressions: _col2 (type: int) |
|                 sort order: -                      |
|                 Statistics: Num rows: 1000 Data size: 4000 Basic stats: COMPLETE Column stats: NONE |
|                 TopN Hash Memory Usage: 0.1        |
|                 value expressions: _col0 (type: int), _col1 (type: string) |
|       Reduce Operator Tree:                        |
|         Select Operator                            |
|           expressions: VALUE._col0 (type: int), VALUE._col1 (type: string), KEY.reducesinkkey0 (type: int) |
|           outputColumnNames: _col0, _col1, _col2   |
|           Statistics: Num rows: 1000 Data size: 4000 Basic stats: COMPLETE Column stats: NONE |
|           Limit                                    |
|             Number of rows: 10                     |
|             Statistics: Num rows: 10 Data size: 40 Basic stats: COMPLETE Column stats: NONE |
|             File Output Operator                   |
|               compressed: false                    |
|               Statistics: Num rows: 10 Data size: 40 Basic stats: COMPLETE Column stats: NONE |
|               table:                               |
|                   input format: org.apache.hadoop.mapred.SequenceFileInputFormat |
|                   output format: org.apache.hadoop.hive.ql.io.HiveSequenceFileOutputFormat |
|                   serde: org.apache.hadoop.hive.serde2.lazy.LazySimpleSerDe |
|                                                    |
|   Stage: Stage-0                                   |
|     Fetch Operator                                 |
|       limit: 10                                    |
|       Processor Tree:                              |
|         ListSink                                   |
|                                                    |
+----------------------------------------------------+
43 rows selected (0.109 seconds)
