+----------------------------------------------------+
|                      Explain                       |
+----------------------------------------------------+
| STAGE DEPENDENCIES:                                |
|   Stage-1 is a root stage                          |
|   Stage-0 depends on stages: Stage-1               |
|                                                    |
| STAGE PLANS:                                       |
|   Stage: Stage-1                                   |
|     Map Reduce                                     |
|       Map Operator Tree:                           |
|           TableScan                                |
|             alias: imdb_movies                     |
|             Statistics: Num rows: 3096 Data size: 309656 Basic stats: COMPLETE Column stats: NONE |
|             Select Operator                        |
|               expressions: year (type: string)     |
|               outputColumnNames: _col0             |
|               Statistics: Num rows: 3096 Data size: 309656 Basic stats: COMPLETE Column stats: NONE |
|               Group By Operator                    |
|                 aggregations: count(1)             |
|                 keys: _col0 (type: string)         |
|                 mode: hash                         |
|                 outputColumnNames: _col0, _col1    |
|                 Statistics: Num rows: 3096 Data size: 309656 Basic stats: COMPLETE Column stats: NONE |
|                 Reduce Output Operator             |
|                   key expressions: _col0 (type: string) |
|                   sort order: +                    |
|                   Map-reduce partition columns: _col0 (type: string) |
|                   Statistics: Num rows: 3096 Data size: 309656 Basic stats: COMPLETE Column stats: NONE |
|                   value expressions: _col1 (type: bigint) |
|       Reduce Operator Tree:                        |
|         Group By Operator                          |
|           aggregations: count(VALUE._col0)         |
|           keys: KEY._col0 (type: string)           |
|           mode: mergepartial                       |
|           outputColumnNames: _col0, _col1          |
|           Statistics: Num rows: 1548 Data size: 154828 Basic stats: COMPLETE Column stats: NONE |
|           File Output Operator                     |
|             compressed: false                      |
|             Statistics: Num rows: 1548 Data size: 154828 Basic stats: COMPLETE Column stats: NONE |
|             table:                                 |
|                 input format: org.apache.hadoop.mapred.SequenceFileInputFormat |
|                 output format: org.apache.hadoop.hive.ql.io.HiveSequenceFileOutputFormat |
|                 serde: org.apache.hadoop.hive.serde2.lazy.LazySimpleSerDe |
|                                                    |
|   Stage: Stage-0                                   |
|     Fetch Operator                                 |
|       limit: -1                                    |
|       Processor Tree:                              |
|         ListSink                                   |
|                                                    |
+----------------------------------------------------+
