0: jdbc:hive2://localhost:10000> explain select rank, metascore, title from imdb_parquet_bucketed where year = '2006' and rank < 101 order by metascore desc;
+----------------------------------------------------+
|                      Explain                       |
+----------------------------------------------------+
| STAGE DEPENDENCIES:                                |
|   Stage-1 is a root stage                          |
|   Stage-0 depends on stages: Stage-1               |
|                                                    |
| STAGE PLANS:                                       |
|   Stage: Stage-1                                   |
|     Map Reduce                                     |
|       Map Operator Tree:                           |
|           TableScan                                |
|             alias: imdb_parquet_bucketed           |
|             Statistics: Num rows: 44 Data size: 484 Basic stats: COMPLETE Column stats: NONE |
|             Filter Operator                        |
|               predicate: (rank < 101) (type: boolean) |
|               Statistics: Num rows: 14 Data size: 154 Basic stats: COMPLETE Column stats: NONE |
|               Select Operator                      |
|                 expressions: rank (type: int), metascore (type: int), title (type: string) |
|                 outputColumnNames: _col0, _col1, _col2 |
|                 Statistics: Num rows: 14 Data size: 154 Basic stats: COMPLETE Column stats: NONE |
|                 Reduce Output Operator             |
|                   key expressions: _col1 (type: int) |
|                   sort order: -                    |
|                   Statistics: Num rows: 14 Data size: 154 Basic stats: COMPLETE Column stats: NONE |
|                   value expressions: _col0 (type: int), _col2 (type: string) |
|       Reduce Operator Tree:                        |
|         Select Operator                            |
|           expressions: VALUE._col0 (type: int), KEY.reducesinkkey0 (type: int), VALUE._col1 (type: string) |
|           outputColumnNames: _col0, _col1, _col2   |
|           Statistics: Num rows: 14 Data size: 154 Basic stats: COMPLETE Column stats: NONE |
|           File Output Operator                     |
|             compressed: false                      |
|             Statistics: Num rows: 14 Data size: 154 Basic stats: COMPLETE Column stats: NONE |
|             table:                                 |
|                 input format: org.apache.hadoop.mapred.SequenceFileInputFormat |
|                 output format: org.apache.hadoop.hive.ql.io.HiveSequenceFileOutputFormat |
|                 serde: org.apache.hadoop.hive.serde2.lazy.LazySimpleSerDe |
|                                                    |
|   Stage: Stage-0                                   |
|     Fetch Operator                                 |
|       limit: -1                                    |
|       Processor Tree:                              |
|         ListSink                                   |
|                                                    |
+----------------------------------------------------+
42 rows selected (0.149 seconds)
